AR_Project/Library/Bee/Android/Prj/Mono2x/Gradle/launcher/build/intermediates/manifest_merge_blame_file/release/manifest-merger-blame-release-report.txt
1<?xml version="1.0" encoding="utf-8"?>
2<manifest xmlns:android="http://schemas.android.com/apk/res/android"
3    package="com.ML4H.AR_Project"
4    android:installLocation="preferExternal"
5    android:versionCode="1"
6    android:versionName="3.0" >
7
8    <uses-sdk
9        android:minSdkVersion="22"
9-->src\main\AndroidManifest.xml
10        android:targetSdkVersion="32" />
10-->src\main\AndroidManifest.xml
11
12    <supports-screens
12-->src\main\AndroidManifest.xml:4:3-163
13        android:anyDensity="true"
13-->src\main\AndroidManifest.xml:4:135-160
14        android:largeScreens="true"
14-->src\main\AndroidManifest.xml:4:78-105
15        android:normalScreens="true"
15-->src\main\AndroidManifest.xml:4:49-77
16        android:smallScreens="true"
16-->src\main\AndroidManifest.xml:4:21-48
17        android:xlargeScreens="true" />
17-->src\main\AndroidManifest.xml:4:106-134
18
19    <uses-permission android:name="android.permission.CAMERA" />
19-->[:unityLibrary] AndroidManifest.xml:10:5-65
19-->[:unityLibrary] AndroidManifest.xml:10:22-62
20
21    <uses-feature android:glEsVersion="0x00030000" />
21-->[:unityLibrary] AndroidManifest.xml:12:5-54
21-->[:unityLibrary] AndroidManifest.xml:12:19-51
22    <uses-feature
22-->[:unityLibrary] AndroidManifest.xml:13:5-15:36
23        android:name="android.hardware.vulkan.version"
23-->[:unityLibrary] AndroidManifest.xml:14:9-55
24        android:required="false" />
24-->[:unityLibrary] AndroidManifest.xml:15:9-33
25    <uses-feature
25-->[:unityLibrary] AndroidManifest.xml:16:5-18:36
26        android:name="android.hardware.camera"
26-->[:unityLibrary] AndroidManifest.xml:17:9-47
27        android:required="true" />
27-->[:unityLibrary] AndroidManifest.xml:18:9-33
28    <uses-feature
28-->[:unityLibrary] AndroidManifest.xml:19:5-21:36
29        android:name="android.hardware.camera.autofocus"
29-->[:unityLibrary] AndroidManifest.xml:20:9-57
30        android:required="false" />
30-->[:unityLibrary] AndroidManifest.xml:21:9-33
31    <uses-feature
31-->[:unityLibrary] AndroidManifest.xml:22:5-24:36
32        android:name="android.hardware.camera.front"
32-->[:unityLibrary] AndroidManifest.xml:23:9-53
33        android:required="false" />
33-->[:unityLibrary] AndroidManifest.xml:24:9-33
34    <uses-feature
34-->[:unityLibrary] AndroidManifest.xml:25:5-27:36
35        android:name="android.hardware.touchscreen"
35-->[:unityLibrary] AndroidManifest.xml:26:9-52
36        android:required="false" />
36-->[:unityLibrary] AndroidManifest.xml:27:9-33
37    <uses-feature
37-->[:unityLibrary] AndroidManifest.xml:28:5-30:36
38        android:name="android.hardware.touchscreen.multitouch"
38-->[:unityLibrary] AndroidManifest.xml:29:9-63
39        android:required="false" />
39-->[:unityLibrary] AndroidManifest.xml:30:9-33
40    <uses-feature
40-->[:unityLibrary] AndroidManifest.xml:31:5-33:36
41        android:name="android.hardware.touchscreen.multitouch.distinct"
41-->[:unityLibrary] AndroidManifest.xml:32:9-72
42        android:required="false" />
42-->[:unityLibrary] AndroidManifest.xml:33:9-33
43
44    <uses-permission android:name="android.permission.INTERNET" />
44-->[:VuforiaWrapper:] AndroidManifest.xml:11:5-67
44-->[:VuforiaWrapper:] AndroidManifest.xml:11:22-64
45    <uses-permission android:name="android.permission.ACCESS_NETWORK_STATE" />
45-->[:VuforiaWrapper:] AndroidManifest.xml:13:5-79
45-->[:VuforiaWrapper:] AndroidManifest.xml:13:22-76
46
47    <application
47-->src\main\AndroidManifest.xml:3:3-83
48        android:extractNativeLibs="true"
48-->[:unityLibrary] AndroidManifest.xml:35:18-50
49        android:icon="@mipmap/app_icon"
49-->src\main\AndroidManifest.xml:3:49-80
50        android:label="@string/app_name" >
50-->src\main\AndroidManifest.xml:3:16-48
51        <meta-data
51-->[:unityLibrary] AndroidManifest.xml:36:9-38:33
52            android:name="unity.splash-mode"
52-->[:unityLibrary] AndroidManifest.xml:37:13-45
53            android:value="0" />
53-->[:unityLibrary] AndroidManifest.xml:38:13-30
54        <meta-data
54-->[:unityLibrary] AndroidManifest.xml:39:9-41:36
55            android:name="unity.splash-enable"
55-->[:unityLibrary] AndroidManifest.xml:40:13-47
56            android:value="True" />
56-->[:unityLibrary] AndroidManifest.xml:41:13-33
57        <meta-data
57-->[:unityLibrary] AndroidManifest.xml:42:9-44:36
58            android:name="unity.launch-fullscreen"
58-->[:unityLibrary] AndroidManifest.xml:43:13-51
59            android:value="True" />
59-->[:unityLibrary] AndroidManifest.xml:44:13-33
60        <meta-data
60-->[:unityLibrary] AndroidManifest.xml:45:9-47:50
61            android:name="notch.config"
61-->[:unityLibrary] AndroidManifest.xml:46:13-40
62            android:value="portrait|landscape" />
62-->[:unityLibrary] AndroidManifest.xml:47:13-47
63        <meta-data
63-->[:unityLibrary] AndroidManifest.xml:48:9-50:36
64            android:name="unity.auto-report-fully-drawn"
64-->[:unityLibrary] AndroidManifest.xml:49:13-57
65            android:value="true" />
65-->[:unityLibrary] AndroidManifest.xml:50:13-33
66
67        <activity
67-->[:unityLibrary] AndroidManifest.xml:52:9-73:20
68            android:name="com.unity3d.player.UnityPlayerActivity"
68-->[:unityLibrary] AndroidManifest.xml:53:13-66
69            android:configChanges="mcc|mnc|locale|touchscreen|keyboard|keyboardHidden|navigation|orientation|screenLayout|uiMode|screenSize|smallestScreenSize|fontScale|layoutDirection|density"
69-->[:unityLibrary] AndroidManifest.xml:54:13-194
70            android:exported="true"
70-->[:unityLibrary] AndroidManifest.xml:55:13-36
71            android:hardwareAccelerated="false"
71-->[:unityLibrary] AndroidManifest.xml:56:13-48
72            android:launchMode="singleTask"
72-->[:unityLibrary] AndroidManifest.xml:57:13-44
73            android:resizeableActivity="false"
73-->[:unityLibrary] AndroidManifest.xml:58:13-47
74            android:screenOrientation="fullUser"
74-->[:unityLibrary] AndroidManifest.xml:59:13-49
75            android:theme="@style/UnityThemeSelector" >
75-->[:unityLibrary] AndroidManifest.xml:60:13-54
76            <intent-filter>
76-->[:unityLibrary] AndroidManifest.xml:61:13-65:29
77                <category android:name="android.intent.category.LAUNCHER" />
77-->[:unityLibrary] AndroidManifest.xml:62:17-77
77-->[:unityLibrary] AndroidManifest.xml:62:27-74
78
79                <action android:name="android.intent.action.MAIN" />
79-->[:unityLibrary] AndroidManifest.xml:64:17-69
79-->[:unityLibrary] AndroidManifest.xml:64:25-66
80            </intent-filter>
81
82            <meta-data
82-->[:unityLibrary] AndroidManifest.xml:67:13-69:40
83                android:name="unityplayer.UnityActivity"
83-->[:unityLibrary] AndroidManifest.xml:68:17-57
84                android:value="true" />
84-->[:unityLibrary] AndroidManifest.xml:69:17-37
85            <meta-data
85-->[:unityLibrary] AndroidManifest.xml:70:13-72:40
86                android:name="notch_support"
86-->[:unityLibrary] AndroidManifest.xml:71:17-45
87                android:value="true" />
87-->[:unityLibrary] AndroidManifest.xml:72:17-37
88        </activity>
89
90        <meta-data
90-->[:unityLibrary] AndroidManifest.xml:75:9-77:40
91            android:name="com.google.ar.core"
91-->[:unityLibrary] AndroidManifest.xml:76:13-46
92            android:value="optional" /> <!-- The minimal version code of ARCore APK required for an app using this SDK. -->
92-->[:unityLibrary] AndroidManifest.xml:77:13-37
93        <meta-data
93-->[com.google.ar:core:1.18.0] AndroidManifest.xml:32:9-34:41
94            android:name="com.google.ar.core.min_apk_version"
94-->[com.google.ar:core:1.18.0] AndroidManifest.xml:33:13-62
95            android:value="200501000" /> <!-- This activity is critical for installing ARCore when it is not already present. -->
95-->[com.google.ar:core:1.18.0] AndroidManifest.xml:34:13-38
96        <activity
96-->[com.google.ar:core:1.18.0] AndroidManifest.xml:36:9-42:80
97            android:name="com.google.ar.core.InstallActivity"
97-->[com.google.ar:core:1.18.0] AndroidManifest.xml:37:13-62
98            android:configChanges="keyboardHidden|orientation|screenSize"
98-->[com.google.ar:core:1.18.0] AndroidManifest.xml:38:13-74
99            android:excludeFromRecents="true"
99-->[com.google.ar:core:1.18.0] AndroidManifest.xml:39:13-46
100            android:exported="false"
100-->[com.google.ar:core:1.18.0] AndroidManifest.xml:40:13-37
101            android:launchMode="singleTop"
101-->[com.google.ar:core:1.18.0] AndroidManifest.xml:41:13-43
102            android:theme="@android:style/Theme.Material.Light.Dialog.Alert" />
102-->[com.google.ar:core:1.18.0] AndroidManifest.xml:42:13-77
103    </application>
104
105</manifest>